VirtualBox XPCOM Server 4.3.10_Ubuntu r93012 linux.amd64 (Apr  7 2014 03:37:47) release log
00:00:00.000394 main     Log opened 2014-11-06T09:11:44.554150000Z
00:00:00.000397 main     Build Type: release
00:00:00.000403 main     OS Product: Linux
00:00:00.000404 main     OS Release: 3.13.0-39-generic
00:00:00.000405 main     OS Version: #66-Ubuntu SMP Tue Oct 28 13:30:27 UTC 2014
00:00:00.000437 main     DMI Product Name: System Product Name
00:00:00.000446 main     DMI Product Version: System Version
00:00:00.000557 main     Host RAM: 11984MB total, 8185MB available
00:00:00.000563 main     Executable: /usr/lib/virtualbox/VBoxSVC
00:00:00.000564 main     Process ID: 22544
00:00:00.000565 main     Package type: LINUX_64BITS_GENERIC (OSE)
00:00:00.107661 nspr-2   Loading settings file "/home/chenyang/.VirtualBox/VirtualBox.xml" with version "1.9-linux"
00:00:00.109929 nspr-2   Failed to retrive disk info: getDiskName(/dev/mapper/ubuntu--vg-root) --> ubuntu--vg-root
00:00:00.112142 nspr-2   NetIfAdpCtlOut: VBoxNetAdpCtl: Error while retrieving link status for vboxnet0: VBoxNetAdpCtl: ioctl failed: Operation not supported
00:00:00.113685 nspr-2   HostDnsMonitorProxy: Host's DNS information updated:
00:00:00.113702 nspr-2   DNS server 1: 127.0.1.1
00:00:00.113746 nspr-2   Failed to open "/dev/vboxdrvu", errno=13, rc=VERR_VM_DRIVER_NOT_ACCESSIBLE
00:00:00.115891 nspr-2   failed to create vboxnet0, error (0x80004005)
00:00:00.116160 nspr-2   VDInit finished
00:00:00.116292 nspr-2   ERROR [COM]: aRC=NS_ERROR_FAILURE (0x80004005) aIID={1254a96a-ae57-4484-946a-22d86c1f98af} aComponent={SystemProperties} aText={Cannot determine default Guest Additions ISO location. Most likely they are not available}, preserve=false
00:00:00.164016 nspr-2   Loading settings file "/opt/vbox/Machines/jiankong/jiankong.vbox" with version "1.12-linux"
00:00:00.166136 nspr-2   ERROR [COM]: aRC=NS_ERROR_FAILURE (0x80004005) aIID={480cf695-2d8d-4256-9c7c-cce4184fa048} aComponent={Machine} aText={Runtime error opening '/opt/vbox/Machines/jiandan001_140116_centos_x64/jiandan001_140116_centos_x64.vbox' for reading: -102(File not found.).
00:00:00.166146 nspr-2   /build/buildd/virtualbox-4.3.10-dfsg/src/VBox/Main/src-server/MachineImpl.cpp[731] (nsresult Machine::registeredInit())}, preserve=false
00:00:00.167617 nspr-2   ERROR [COM]: aRC=NS_ERROR_FAILURE (0x80004005) aIID={480cf695-2d8d-4256-9c7c-cce4184fa048} aComponent={Machine} aText={Runtime error opening '/opt/vbox/Machines/jiandan001_140123_centos_x64/jiandan001_140123_centos_x64.vbox' for reading: -102(File not found.).
00:00:00.167626 nspr-2   /build/buildd/virtualbox-4.3.10-dfsg/src/VBox/Main/src-server/MachineImpl.cpp[731] (nsresult Machine::registeredInit())}, preserve=false
00:00:00.167881 nspr-2   ERROR [COM]: aRC=NS_ERROR_FAILURE (0x80004005) aIID={480cf695-2d8d-4256-9c7c-cce4184fa048} aComponent={Machine} aText={Runtime error opening '/home/chenyang/.Genymobile/Genymotion/deployed/Nexus 7 - 4.4.2 - API 19 - 800x1280/Nexus 7 - 4.4.2 - API 19 - 800x1280.vbox' for reading: -102(File not found.).
00:00:00.167888 nspr-2   /build/buildd/virtualbox-4.3.10-dfsg/src/VBox/Main/src-server/MachineImpl.cpp[731] (nsresult Machine::registeredInit())}, preserve=false
00:00:00.169280 nspr-2   ERROR [COM]: aRC=NS_ERROR_FAILURE (0x80004005) aIID={480cf695-2d8d-4256-9c7c-cce4184fa048} aComponent={Machine} aText={Runtime error opening '/opt/vbox/Machines/androVM_vbox86tp_4.1.1_r6.1-20130222-gapps-houdini-flash/androVM_vbox86tp_4.1.1_r6.1-20130222-gapps-houdini-flash.vbox' for reading: -102(File not found.).
00:00:00.169288 nspr-2   /build/buildd/virtualbox-4.3.10-dfsg/src/VBox/Main/src-server/MachineImpl.cpp[731] (nsresult Machine::registeredInit())}, preserve=false
00:00:00.196416 nspr-2   Loading settings file "/opt/vbox/Machines/androidx86/androidx86.vbox" with version "1.12-linux"
00:00:00.213889 nspr-2   Loading settings file "/opt/vbox/Machines/xp/xp.vbox" with version "1.12-linux"
00:00:00.215837 nspr-2   ERROR [COM]: aRC=NS_ERROR_FAILURE (0x80004005) aIID={480cf695-2d8d-4256-9c7c-cce4184fa048} aComponent={Machine} aText={Runtime error opening '/opt/vbox/Machines/test/test.vbox' for reading: -102(File not found.).
00:00:00.215846 nspr-2   /build/buildd/virtualbox-4.3.10-dfsg/src/VBox/Main/src-server/MachineImpl.cpp[731] (nsresult Machine::registeredInit())}, preserve=false
00:00:00.217259 nspr-2   ERROR [COM]: aRC=NS_ERROR_FAILURE (0x80004005) aIID={480cf695-2d8d-4256-9c7c-cce4184fa048} aComponent={Machine} aText={Runtime error opening '/opt/vbox/Machines/jiandan001_140212_centos_x64/jiandan001_140212_centos_x64.vbox' for reading: -102(File not found.).
00:00:00.217268 nspr-2   /build/buildd/virtualbox-4.3.10-dfsg/src/VBox/Main/src-server/MachineImpl.cpp[731] (nsresult Machine::registeredInit())}, preserve=false
00:00:00.375254 nspr-4   ERROR [COM]: aRC=NS_ERROR_FAILURE (0x80004005) aIID={480cf695-2d8d-4256-9c7c-cce4184fa048} aComponent={Machine} aText={Runtime error opening '/opt/vbox/Machines/jiandan001_140116_centos_x64/jiandan001_140116_centos_x64.vbox' for reading: -102(File not found.).
00:00:00.375265 nspr-4   /build/buildd/virtualbox-4.3.10-dfsg/src/VBox/Main/src-server/MachineImpl.cpp[731] (nsresult Machine::registeredInit())}, preserve=false
00:00:00.376584 nspr-3   ERROR [COM]: aRC=NS_ERROR_FAILURE (0x80004005) aIID={480cf695-2d8d-4256-9c7c-cce4184fa048} aComponent={Machine} aText={Runtime error opening '/opt/vbox/Machines/jiandan001_140116_centos_x64/jiandan001_140116_centos_x64.vbox' for reading: -102(File not found.).
00:00:00.376590 nspr-3   /build/buildd/virtualbox-4.3.10-dfsg/src/VBox/Main/src-server/MachineImpl.cpp[731] (nsresult Machine::registeredInit())}, preserve=false
00:00:00.378221 nspr-4   ERROR [COM]: aRC=NS_ERROR_FAILURE (0x80004005) aIID={480cf695-2d8d-4256-9c7c-cce4184fa048} aComponent={Machine} aText={Runtime error opening '/opt/vbox/Machines/jiandan001_140116_centos_x64/jiandan001_140116_centos_x64.vbox' for reading: -102(File not found.).
00:00:00.378226 nspr-4   /build/buildd/virtualbox-4.3.10-dfsg/src/VBox/Main/src-server/MachineImpl.cpp[731] (nsresult Machine::registeredInit())}, preserve=false
00:00:00.381314 nspr-3   ERROR [COM]: aRC=NS_ERROR_FAILURE (0x80004005) aIID={480cf695-2d8d-4256-9c7c-cce4184fa048} aComponent={Machine} aText={Runtime error opening '/opt/vbox/Machines/jiandan001_140123_centos_x64/jiandan001_140123_centos_x64.vbox' for reading: -102(File not found.).
00:00:00.381322 nspr-3   /build/buildd/virtualbox-4.3.10-dfsg/src/VBox/Main/src-server/MachineImpl.cpp[731] (nsresult Machine::registeredInit())}, preserve=false
00:00:00.382901 nspr-2   ERROR [COM]: aRC=NS_ERROR_FAILURE (0x80004005) aIID={480cf695-2d8d-4256-9c7c-cce4184fa048} aComponent={Machine} aText={Runtime error opening '/opt/vbox/Machines/jiandan001_140123_centos_x64/jiandan001_140123_centos_x64.vbox' for reading: -102(File not found.).
00:00:00.382906 nspr-2   /build/buildd/virtualbox-4.3.10-dfsg/src/VBox/Main/src-server/MachineImpl.cpp[731] (nsresult Machine::registeredInit())}, preserve=false
00:00:00.384452 nspr-3   ERROR [COM]: aRC=NS_ERROR_FAILURE (0x80004005) aIID={480cf695-2d8d-4256-9c7c-cce4184fa048} aComponent={Machine} aText={Runtime error opening '/opt/vbox/Machines/jiandan001_140123_centos_x64/jiandan001_140123_centos_x64.vbox' for reading: -102(File not found.).
00:00:00.384456 nspr-3   /build/buildd/virtualbox-4.3.10-dfsg/src/VBox/Main/src-server/MachineImpl.cpp[731] (nsresult Machine::registeredInit())}, preserve=false
00:00:00.385985 nspr-2   ERROR [COM]: aRC=NS_ERROR_FAILURE (0x80004005) aIID={480cf695-2d8d-4256-9c7c-cce4184fa048} aComponent={Machine} aText={Runtime error opening '/home/chenyang/.Genymobile/Genymotion/deployed/Nexus 7 - 4.4.2 - API 19 - 800x1280/Nexus 7 - 4.4.2 - API 19 - 800x1280.vbox' for reading: -102(File not found.).
00:00:00.385992 nspr-2   /build/buildd/virtualbox-4.3.10-dfsg/src/VBox/Main/src-server/MachineImpl.cpp[731] (nsresult Machine::registeredInit())}, preserve=false
00:00:00.386506 nspr-4   ERROR [COM]: aRC=NS_ERROR_FAILURE (0x80004005) aIID={480cf695-2d8d-4256-9c7c-cce4184fa048} aComponent={Machine} aText={Runtime error opening '/home/chenyang/.Genymobile/Genymotion/deployed/Nexus 7 - 4.4.2 - API 19 - 800x1280/Nexus 7 - 4.4.2 - API 19 - 800x1280.vbox' for reading: -102(File not found.).
00:00:00.386513 nspr-4   /build/buildd/virtualbox-4.3.10-dfsg/src/VBox/Main/src-server/MachineImpl.cpp[731] (nsresult Machine::registeredInit())}, preserve=false
00:00:00.389291 nspr-2   ERROR [COM]: aRC=NS_ERROR_FAILURE (0x80004005) aIID={480cf695-2d8d-4256-9c7c-cce4184fa048} aComponent={Machine} aText={Runtime error opening '/home/chenyang/.Genymobile/Genymotion/deployed/Nexus 7 - 4.4.2 - API 19 - 800x1280/Nexus 7 - 4.4.2 - API 19 - 800x1280.vbox' for reading: -102(File not found.).
00:00:00.389300 nspr-2   /build/buildd/virtualbox-4.3.10-dfsg/src/VBox/Main/src-server/MachineImpl.cpp[731] (nsresult Machine::registeredInit())}, preserve=false
00:00:00.392733 nspr-4   ERROR [COM]: aRC=NS_ERROR_FAILURE (0x80004005) aIID={480cf695-2d8d-4256-9c7c-cce4184fa048} aComponent={Machine} aText={Runtime error opening '/opt/vbox/Machines/androVM_vbox86tp_4.1.1_r6.1-20130222-gapps-houdini-flash/androVM_vbox86tp_4.1.1_r6.1-20130222-gapps-houdini-flash.vbox' for reading: -102(File not found.).
00:00:00.392742 nspr-4   /build/buildd/virtualbox-4.3.10-dfsg/src/VBox/Main/src-server/MachineImpl.cpp[731] (nsresult Machine::registeredInit())}, preserve=false
00:00:00.394477 nspr-3   ERROR [COM]: aRC=NS_ERROR_FAILURE (0x80004005) aIID={480cf695-2d8d-4256-9c7c-cce4184fa048} aComponent={Machine} aText={Runtime error opening '/opt/vbox/Machines/androVM_vbox86tp_4.1.1_r6.1-20130222-gapps-houdini-flash/androVM_vbox86tp_4.1.1_r6.1-20130222-gapps-houdini-flash.vbox' for reading: -102(File not found.).
00:00:00.394486 nspr-3   /build/buildd/virtualbox-4.3.10-dfsg/src/VBox/Main/src-server/MachineImpl.cpp[731] (nsresult Machine::registeredInit())}, preserve=false
00:00:00.396674 nspr-4   ERROR [COM]: aRC=NS_ERROR_FAILURE (0x80004005) aIID={480cf695-2d8d-4256-9c7c-cce4184fa048} aComponent={Machine} aText={Runtime error opening '/opt/vbox/Machines/androVM_vbox86tp_4.1.1_r6.1-20130222-gapps-houdini-flash/androVM_vbox86tp_4.1.1_r6.1-20130222-gapps-houdini-flash.vbox' for reading: -102(File not found.).
00:00:00.396683 nspr-4   /build/buildd/virtualbox-4.3.10-dfsg/src/VBox/Main/src-server/MachineImpl.cpp[731] (nsresult Machine::registeredInit())}, preserve=false
00:00:00.409439 nspr-2   ERROR [COM]: aRC=NS_ERROR_FAILURE (0x80004005) aIID={480cf695-2d8d-4256-9c7c-cce4184fa048} aComponent={Machine} aText={Runtime error opening '/opt/vbox/Machines/test/test.vbox' for reading: -102(File not found.).
00:00:00.409448 nspr-2   /build/buildd/virtualbox-4.3.10-dfsg/src/VBox/Main/src-server/MachineImpl.cpp[731] (nsresult Machine::registeredInit())}, preserve=false
00:00:00.410705 nspr-4   ERROR [COM]: aRC=NS_ERROR_FAILURE (0x80004005) aIID={480cf695-2d8d-4256-9c7c-cce4184fa048} aComponent={Machine} aText={Runtime error opening '/opt/vbox/Machines/test/test.vbox' for reading: -102(File not found.).
00:00:00.410714 nspr-4   /build/buildd/virtualbox-4.3.10-dfsg/src/VBox/Main/src-server/MachineImpl.cpp[731] (nsresult Machine::registeredInit())}, preserve=false
00:00:00.412812 nspr-2   ERROR [COM]: aRC=NS_ERROR_FAILURE (0x80004005) aIID={480cf695-2d8d-4256-9c7c-cce4184fa048} aComponent={Machine} aText={Runtime error opening '/opt/vbox/Machines/test/test.vbox' for reading: -102(File not found.).
00:00:00.412819 nspr-2   /build/buildd/virtualbox-4.3.10-dfsg/src/VBox/Main/src-server/MachineImpl.cpp[731] (nsresult Machine::registeredInit())}, preserve=false
00:00:00.414579 nspr-4   ERROR [COM]: aRC=NS_ERROR_FAILURE (0x80004005) aIID={480cf695-2d8d-4256-9c7c-cce4184fa048} aComponent={Machine} aText={Runtime error opening '/opt/vbox/Machines/jiandan001_140212_centos_x64/jiandan001_140212_centos_x64.vbox' for reading: -102(File not found.).
00:00:00.414587 nspr-4   /build/buildd/virtualbox-4.3.10-dfsg/src/VBox/Main/src-server/MachineImpl.cpp[731] (nsresult Machine::registeredInit())}, preserve=false
00:00:00.415846 nspr-3   ERROR [COM]: aRC=NS_ERROR_FAILURE (0x80004005) aIID={480cf695-2d8d-4256-9c7c-cce4184fa048} aComponent={Machine} aText={Runtime error opening '/opt/vbox/Machines/jiandan001_140212_centos_x64/jiandan001_140212_centos_x64.vbox' for reading: -102(File not found.).
00:00:00.415854 nspr-3   /build/buildd/virtualbox-4.3.10-dfsg/src/VBox/Main/src-server/MachineImpl.cpp[731] (nsresult Machine::registeredInit())}, preserve=false
00:00:00.417947 nspr-4   ERROR [COM]: aRC=NS_ERROR_FAILURE (0x80004005) aIID={480cf695-2d8d-4256-9c7c-cce4184fa048} aComponent={Machine} aText={Runtime error opening '/opt/vbox/Machines/jiandan001_140212_centos_x64/jiandan001_140212_centos_x64.vbox' for reading: -102(File not found.).
00:00:00.417955 nspr-4   /build/buildd/virtualbox-4.3.10-dfsg/src/VBox/Main/src-server/MachineImpl.cpp[731] (nsresult Machine::registeredInit())}, preserve=false
00:00:00.421193 nspr-4   ERROR [COM]: aRC=E_ACCESSDENIED (0x80070005) aIID={480cf695-2d8d-4256-9c7c-cce4184fa048} aComponent={Machine} aText={The object functionality is limited}, preserve=false
00:00:00.421219 nspr-4   ERROR [COM]: aRC=E_ACCESSDENIED (0x80070005) aIID={480cf695-2d8d-4256-9c7c-cce4184fa048} aComponent={Machine} aText={The object functionality is limited}, preserve=false
00:00:00.421247 nspr-4   ERROR [COM]: aRC=E_ACCESSDENIED (0x80070005) aIID={480cf695-2d8d-4256-9c7c-cce4184fa048} aComponent={Machine} aText={The object functionality is limited}, preserve=false
00:00:00.421260 nspr-4   ERROR [COM]: aRC=E_ACCESSDENIED (0x80070005) aIID={480cf695-2d8d-4256-9c7c-cce4184fa048} aComponent={Machine} aText={The object functionality is limited}, preserve=false
00:00:00.421275 nspr-4   ERROR [COM]: aRC=E_ACCESSDENIED (0x80070005) aIID={480cf695-2d8d-4256-9c7c-cce4184fa048} aComponent={Machine} aText={The object functionality is limited}, preserve=false
00:00:00.421287 nspr-4   ERROR [COM]: aRC=E_ACCESSDENIED (0x80070005) aIID={480cf695-2d8d-4256-9c7c-cce4184fa048} aComponent={Machine} aText={The object functionality is limited}, preserve=false
00:00:00.421302 nspr-4   ERROR [COM]: aRC=VBOX_E_OBJECT_NOT_FOUND (0x80bb0001) aIID={fafa4e17-1ee2-4905-a10e-fe7c18bf5554} aComponent={VirtualBox} aText={Could not find a registered machine named 'jiandan001_140116_centos_x64'}, preserve=false
00:00:00.503827 nspr-2   WARNING [COM]: aRC=NS_ERROR_FAILURE (0x80004005) aIID={93269330-48ca-4096-b4a2-1189df336267} aComponent={Host} aText={VirtualBox is not currently allowed to access USB devices.  You can change this by adding your user to the 'vboxusers' group.  Please see the user manual for a more detailed explanation}, preserve=true 
00:00:00.687277 nspr-3   Failed to open "/dev/vboxdrvu", errno=13, rc=VERR_VM_DRIVER_NOT_ACCESSIBLE
00:00:00.960105 nspr-3   WARNING [COM]: aRC=NS_ERROR_FAILURE (0x80004005) aIID={93269330-48ca-4096-b4a2-1189df336267} aComponent={Host} aText={VirtualBox is not currently allowed to access USB devices.  You can change this by adding your user to the 'vboxusers' group.  Please see the user manual for a more detailed explanation}, preserve=true 
00:00:00.961294 nspr-4   WARNING [COM]: aRC=NS_ERROR_FAILURE (0x80004005) aIID={93269330-48ca-4096-b4a2-1189df336267} aComponent={Host} aText={VirtualBox is not currently allowed to access USB devices.  You can change this by adding your user to the 'vboxusers' group.  Please see the user manual for a more detailed explanation}, preserve=true 
00:00:08.066893 nspr-4   WARNING [COM]: aRC=NS_ERROR_FAILURE (0x80004005) aIID={93269330-48ca-4096-b4a2-1189df336267} aComponent={Host} aText={VirtualBox is not currently allowed to access USB devices.  You can change this by adding your user to the 'vboxusers' group.  Please see the user manual for a more detailed explanation}, preserve=true 
00:00:08.170409 nspr-4   Failed to open "/dev/vboxdrvu", errno=13, rc=VERR_VM_DRIVER_NOT_ACCESSIBLE
00:00:08.237072 nspr-3   WARNING [COM]: aRC=NS_ERROR_FAILURE (0x80004005) aIID={93269330-48ca-4096-b4a2-1189df336267} aComponent={Host} aText={VirtualBox is not currently allowed to access USB devices.  You can change this by adding your user to the 'vboxusers' group.  Please see the user manual for a more detailed explanation}, preserve=true 
00:00:08.237857 nspr-2   WARNING [COM]: aRC=NS_ERROR_FAILURE (0x80004005) aIID={93269330-48ca-4096-b4a2-1189df336267} aComponent={Host} aText={VirtualBox is not currently allowed to access USB devices.  You can change this by adding your user to the 'vboxusers' group.  Please see the user manual for a more detailed explanation}, preserve=true 
00:00:08.447287 nspr-3   WARNING [COM]: aRC=NS_ERROR_FAILURE (0x80004005) aIID={93269330-48ca-4096-b4a2-1189df336267} aComponent={Host} aText={VirtualBox is not currently allowed to access USB devices.  You can change this by adding your user to the 'vboxusers' group.  Please see the user manual for a more detailed explanation}, preserve=true 
00:00:08.467327 nspr-4   Failed to open "/dev/vboxdrvu", errno=13, rc=VERR_VM_DRIVER_NOT_ACCESSIBLE
00:00:08.739038 nspr-3   WARNING [COM]: aRC=NS_ERROR_FAILURE (0x80004005) aIID={93269330-48ca-4096-b4a2-1189df336267} aComponent={Host} aText={VirtualBox is not currently allowed to access USB devices.  You can change this by adding your user to the 'vboxusers' group.  Please see the user manual for a more detailed explanation}, preserve=true 
00:00:08.740017 nspr-2   WARNING [COM]: aRC=NS_ERROR_FAILURE (0x80004005) aIID={93269330-48ca-4096-b4a2-1189df336267} aComponent={Host} aText={VirtualBox is not currently allowed to access USB devices.  You can change this by adding your user to the 'vboxusers' group.  Please see the user manual for a more detailed explanation}, preserve=true 
00:00:09.101688 nspr-3   WARNING [COM]: aRC=NS_ERROR_FAILURE (0x80004005) aIID={93269330-48ca-4096-b4a2-1189df336267} aComponent={Host} aText={VirtualBox is not currently allowed to access USB devices.  You can change this by adding your user to the 'vboxusers' group.  Please see the user manual for a more detailed explanation}, preserve=true 
00:00:09.110308 nspr-2   Failed to open "/dev/vboxdrvu", errno=13, rc=VERR_VM_DRIVER_NOT_ACCESSIBLE
00:00:09.247500 nspr-2   WARNING [COM]: aRC=NS_ERROR_FAILURE (0x80004005) aIID={93269330-48ca-4096-b4a2-1189df336267} aComponent={Host} aText={VirtualBox is not currently allowed to access USB devices.  You can change this by adding your user to the 'vboxusers' group.  Please see the user manual for a more detailed explanation}, preserve=true 
00:00:09.248179 nspr-4   WARNING [COM]: aRC=NS_ERROR_FAILURE (0x80004005) aIID={93269330-48ca-4096-b4a2-1189df336267} aComponent={Host} aText={VirtualBox is not currently allowed to access USB devices.  You can change this by adding your user to the 'vboxusers' group.  Please see the user manual for a more detailed explanation}, preserve=true 
00:00:09.439447 nspr-2   WARNING [COM]: aRC=NS_ERROR_FAILURE (0x80004005) aIID={93269330-48ca-4096-b4a2-1189df336267} aComponent={Host} aText={VirtualBox is not currently allowed to access USB devices.  You can change this by adding your user to the 'vboxusers' group.  Please see the user manual for a more detailed explanation}, preserve=true 
00:00:09.445579 nspr-3   Failed to open "/dev/vboxdrvu", errno=13, rc=VERR_VM_DRIVER_NOT_ACCESSIBLE
00:00:09.532748 nspr-2   WARNING [COM]: aRC=NS_ERROR_FAILURE (0x80004005) aIID={93269330-48ca-4096-b4a2-1189df336267} aComponent={Host} aText={VirtualBox is not currently allowed to access USB devices.  You can change this by adding your user to the 'vboxusers' group.  Please see the user manual for a more detailed explanation}, preserve=true 
00:00:09.534642 nspr-4   WARNING [COM]: aRC=NS_ERROR_FAILURE (0x80004005) aIID={93269330-48ca-4096-b4a2-1189df336267} aComponent={Host} aText={VirtualBox is not currently allowed to access USB devices.  You can change this by adding your user to the 'vboxusers' group.  Please see the user manual for a more detailed explanation}, preserve=true 
00:00:11.315636 nspr-2   ERROR [COM]: aRC=VBOX_E_INVALID_VM_STATE (0x80bb0002) aIID={480cf695-2d8d-4256-9c7c-cce4184fa048} aComponent={Machine} aText={Machine is not locked for session (session state: Unlocked)}, preserve=false
00:00:11.400803 nspr-3   Failed to open "/dev/vboxdrvu", errno=13, rc=VERR_VM_DRIVER_NOT_ACCESSIBLE
00:00:11.464488 nspr-3   WARNING [COM]: aRC=NS_ERROR_FAILURE (0x80004005) aIID={93269330-48ca-4096-b4a2-1189df336267} aComponent={Host} aText={VirtualBox is not currently allowed to access USB devices.  You can change this by adding your user to the 'vboxusers' group.  Please see the user manual for a more detailed explanation}, preserve=true 
00:00:11.465307 nspr-4   WARNING [COM]: aRC=NS_ERROR_FAILURE (0x80004005) aIID={93269330-48ca-4096-b4a2-1189df336267} aComponent={Host} aText={VirtualBox is not currently allowed to access USB devices.  You can change this by adding your user to the 'vboxusers' group.  Please see the user manual for a more detailed explanation}, preserve=true 
00:00:11.558028 nspr-2   Failed to open "/dev/vboxdrvu", errno=13, rc=VERR_VM_DRIVER_NOT_ACCESSIBLE
00:00:11.575543 nspr-4   WARNING [COM]: aRC=NS_ERROR_FAILURE (0x80004005) aIID={93269330-48ca-4096-b4a2-1189df336267} aComponent={Host} aText={VirtualBox is not currently allowed to access USB devices.  You can change this by adding your user to the 'vboxusers' group.  Please see the user manual for a more detailed explanation}, preserve=true 
00:00:11.584552 nspr-2   WARNING [COM]: aRC=NS_ERROR_FAILURE (0x80004005) aIID={93269330-48ca-4096-b4a2-1189df336267} aComponent={Host} aText={VirtualBox is not currently allowed to access USB devices.  You can change this by adding your user to the 'vboxusers' group.  Please see the user manual for a more detailed explanation}, preserve=true 
00:00:11.585320 nspr-2   ERROR [COM]: aRC=VBOX_E_OBJECT_NOT_FOUND (0x80bb0001) aIID={3295e6ce-b051-47b2-9514-2c588bfe7554} aComponent={ExtPackManager} aText={No extension pack by the name 'Oracle VM VirtualBox Extension Pack' was found}, preserve=false
00:00:11.631596 nspr-4   WARNING [COM]: aRC=NS_ERROR_FAILURE (0x80004005) aIID={93269330-48ca-4096-b4a2-1189df336267} aComponent={Host} aText={VirtualBox is not currently allowed to access USB devices.  You can change this by adding your user to the 'vboxusers' group.  Please see the user manual for a more detailed explanation}, preserve=true 
00:00:11.632300 nspr-3   WARNING [COM]: aRC=NS_ERROR_FAILURE (0x80004005) aIID={93269330-48ca-4096-b4a2-1189df336267} aComponent={Host} aText={VirtualBox is not currently allowed to access USB devices.  You can change this by adding your user to the 'vboxusers' group.  Please see the user manual for a more detailed explanation}, preserve=true 
00:00:11.873173 nspr-3   WARNING [COM]: aRC=NS_ERROR_FAILURE (0x80004005) aIID={93269330-48ca-4096-b4a2-1189df336267} aComponent={Host} aText={VirtualBox is not currently allowed to access USB devices.  You can change this by adding your user to the 'vboxusers' group.  Please see the user manual for a more detailed explanation}, preserve=true 
00:00:11.886489 nspr-4   WARNING [COM]: aRC=NS_ERROR_FAILURE (0x80004005) aIID={93269330-48ca-4096-b4a2-1189df336267} aComponent={Host} aText={VirtualBox is not currently allowed to access USB devices.  You can change this by adding your user to the 'vboxusers' group.  Please see the user manual for a more detailed explanation}, preserve=true 
00:00:11.954115 nspr-4   Failed to open "/dev/vboxdrvu", errno=13, rc=VERR_VM_DRIVER_NOT_ACCESSIBLE
00:00:11.963600 nspr-3   WARNING [COM]: aRC=NS_ERROR_FAILURE (0x80004005) aIID={93269330-48ca-4096-b4a2-1189df336267} aComponent={Host} aText={VirtualBox is not currently allowed to access USB devices.  You can change this by adding your user to the 'vboxusers' group.  Please see the user manual for a more detailed explanation}, preserve=true 
00:00:12.025612 nspr-4   Failed to open "/dev/vboxdrvu", errno=13, rc=VERR_VM_DRIVER_NOT_ACCESSIBLE
00:00:12.196184 nspr-2   WARNING [COM]: aRC=NS_ERROR_FAILURE (0x80004005) aIID={93269330-48ca-4096-b4a2-1189df336267} aComponent={Host} aText={VirtualBox is not currently allowed to access USB devices.  You can change this by adding your user to the 'vboxusers' group.  Please see the user manual for a more detailed explanation}, preserve=true 
00:00:12.196941 nspr-4   WARNING [COM]: aRC=NS_ERROR_FAILURE (0x80004005) aIID={93269330-48ca-4096-b4a2-1189df336267} aComponent={Host} aText={VirtualBox is not currently allowed to access USB devices.  You can change this by adding your user to the 'vboxusers' group.  Please see the user manual for a more detailed explanation}, preserve=true 
00:00:21.355185 nspr-3   Failed to open "/dev/vboxdrvu", errno=13, rc=VERR_VM_DRIVER_NOT_ACCESSIBLE
00:00:21.407574 nspr-2   WARNING [COM]: aRC=NS_ERROR_FAILURE (0x80004005) aIID={93269330-48ca-4096-b4a2-1189df336267} aComponent={Host} aText={VirtualBox is not currently allowed to access USB devices.  You can change this by adding your user to the 'vboxusers' group.  Please see the user manual for a more detailed explanation}, preserve=true 
00:00:21.408320 nspr-5   WARNING [COM]: aRC=NS_ERROR_FAILURE (0x80004005) aIID={93269330-48ca-4096-b4a2-1189df336267} aComponent={Host} aText={VirtualBox is not currently allowed to access USB devices.  You can change this by adding your user to the 'vboxusers' group.  Please see the user manual for a more detailed explanation}, preserve=true 
01:49:01.370946 nspr-2   Failed to open "/dev/vboxdrvu", errno=13, rc=VERR_VM_DRIVER_NOT_ACCESSIBLE
01:49:01.402279 nspr-4   WARNING [COM]: aRC=NS_ERROR_FAILURE (0x80004005) aIID={93269330-48ca-4096-b4a2-1189df336267} aComponent={Host} aText={VirtualBox is not currently allowed to access USB devices.  You can change this by adding your user to the 'vboxusers' group.  Please see the user manual for a more detailed explanation}, preserve=true 
01:49:01.402991 nspr-5   WARNING [COM]: aRC=NS_ERROR_FAILURE (0x80004005) aIID={93269330-48ca-4096-b4a2-1189df336267} aComponent={Host} aText={VirtualBox is not currently allowed to access USB devices.  You can change this by adding your user to the 'vboxusers' group.  Please see the user manual for a more detailed explanation}, preserve=true 
01:49:02.312779 nspr-4   Failed to open "/dev/vboxdrvu", errno=13, rc=VERR_VM_DRIVER_NOT_ACCESSIBLE
01:49:02.344515 nspr-2   WARNING [COM]: aRC=NS_ERROR_FAILURE (0x80004005) aIID={93269330-48ca-4096-b4a2-1189df336267} aComponent={Host} aText={VirtualBox is not currently allowed to access USB devices.  You can change this by adding your user to the 'vboxusers' group.  Please see the user manual for a more detailed explanation}, preserve=true 
01:49:02.345480 nspr-3   WARNING [COM]: aRC=NS_ERROR_FAILURE (0x80004005) aIID={93269330-48ca-4096-b4a2-1189df336267} aComponent={Host} aText={VirtualBox is not currently allowed to access USB devices.  You can change this by adding your user to the 'vboxusers' group.  Please see the user manual for a more detailed explanation}, preserve=true 
01:49:58.440906 main     ERROR [COM]: aRC=VBOX_E_OBJECT_IN_USE (0x80bb000c) aIID={05f2bbb6-a3a6-4fb9-9b49-6d0dda7142ac} aComponent={Medium} aText={Medium '/home/chenyang/opt/vmware/mrtg/CentOS_x64_mini.vmdk' cannot be closed because it is still attached to 1 virtual machines}, preserve=false
01:49:58.441102 main     ERROR [COM]: aRC=VBOX_E_OBJECT_IN_USE (0x80bb000c) aIID={05f2bbb6-a3a6-4fb9-9b49-6d0dda7142ac} aComponent={Medium} aText={Medium '/opt/vbox/Machines/androidx86/androidx86.vdi' cannot be closed because it is still attached to 1 virtual machines}, preserve=false
01:49:58.441207 main     ERROR [COM]: aRC=VBOX_E_OBJECT_IN_USE (0x80bb000c) aIID={05f2bbb6-a3a6-4fb9-9b49-6d0dda7142ac} aComponent={Medium} aText={Medium '/opt/vbox/Machines/xp/xp.vdi' cannot be closed because it is still attached to 1 virtual machines}, preserve=false
01:49:58.442276 Watcher  ERROR [COM]: aRC=E_ACCESSDENIED (0x80070005) aIID={fafa4e17-1ee2-4905-a10e-fe7c18bf5554} aComponent={VirtualBox} aText={The object is not ready}, preserve=false
